<?xml version="1.0" encoding="UTF-8"?>
<!-- Generated by org.testng.reporters.JUnitReportReporter -->
<testsuite skipped="0" hostname="priyanka4414" name="com.nagarro.restapi.testcase.ActivityTest" tests="3" failures="0" timestamp="2020-06-11T23:05:31 IST" time="4.561" errors="0">
  <testcase name="DeleteActivity" time="1.694" classname="com.nagarro.restapi.testcase.ActivityTest"/>
  <system-out/>
  <testcase name="FollowActivity" time="1.424" classname="com.nagarro.restapi.testcase.ActivityTest"/>
  <system-out/>
  <testcase name="GetActivity" time="1.443" classname="com.nagarro.restapi.testcase.ActivityTest"/>
  <system-out/>
</testsuite> <!-- com.nagarro.restapi.testcase.ActivityTest -->
