<?xml version="1.0" encoding="UTF-8"?>
<!-- Generated by org.testng.reporters.JUnitReportReporter -->
<testsuite skipped="0" hostname="priyanka4414" name="com.nagarro.restapi.testcase.QuoteTest" tests="3" failures="0" timestamp="2020-06-11T23:05:31 IST" time="4.789" errors="0">
  <testcase name="HideQuote" time="1.468" classname="com.nagarro.restapi.testcase.QuoteTest"/>
  <system-out/>
  <testcase name="AddQuote" time="1.975" classname="com.nagarro.restapi.testcase.QuoteTest"/>
  <system-out/>
  <testcase name="FavQuote" time="1.346" classname="com.nagarro.restapi.testcase.QuoteTest"/>
  <system-out/>
</testsuite> <!-- com.nagarro.restapi.testcase.QuoteTest -->
