<?xml version="1.0" encoding="UTF-8"?>
<!-- Generated by org.testng.reporters.JUnitReportReporter -->
<testsuite skipped="1" hostname="priyanka4414" name="com.nagarro.restapi.testcase.UsersTest" tests="4" failures="0" timestamp="2020-06-11T23:05:31 IST" time="4.284" errors="0">
  <testcase name="addNewUserFailTest" time="1.627" classname="com.nagarro.restapi.testcase.UsersTest"/>
  <system-out/>
  <testcase name="getUserTest" time="1.371" classname="com.nagarro.restapi.testcase.UsersTest"/>
  <system-out/>
  <testcase name="UpdateUser" time="1.286" classname="com.nagarro.restapi.testcase.UsersTest"/>
  <system-out/>
  <testcase name="addNewUserSuccessfulTest" classname="com.nagarro.restapi.testcase.UsersTest">
    <skipped/>
  </testcase> <!-- addNewUserSuccessfulTest -->
  <system-out/>
</testsuite> <!-- com.nagarro.restapi.testcase.UsersTest -->
