<?xml version="1.0" encoding="UTF-8"?>
<!-- Generated by org.testng.reporters.JUnitReportReporter -->
<testsuite skipped="0" hostname="priyanka4414" name="com.nagarro.restapi.testcase.PasswordTest" tests="2" failures="0" timestamp="2020-06-16T15:35:49 IST" time="2.802" errors="0">
  <testcase name="ResetPassword" time="1.285" classname="com.nagarro.restapi.testcase.PasswordTest"/>
  <system-out/>
  <testcase name="ForgotPassword" time="1.517" classname="com.nagarro.restapi.testcase.PasswordTest"/>
  <system-out/>
</testsuite> <!-- com.nagarro.restapi.testcase.PasswordTest -->
