<?xml version="1.0" encoding="UTF-8"?>
<!-- Generated by org.testng.reporters.JUnitReportReporter -->
<testsuite skipped="0" hostname="priyanka4414" name="com.nagarro.restapi.testcase.ActivityTest" tests="3" failures="0" timestamp="2020-06-16T15:35:49 IST" time="4.253" errors="0">
  <testcase name="FollowActivity" time="1.320" classname="com.nagarro.restapi.testcase.ActivityTest"/>
  <system-out/>
  <testcase name="DeleteActivity" time="1.504" classname="com.nagarro.restapi.testcase.ActivityTest"/>
  <system-out/>
  <testcase name="GetActivity" time="1.429" classname="com.nagarro.restapi.testcase.ActivityTest"/>
  <system-out/>
</testsuite> <!-- com.nagarro.restapi.testcase.ActivityTest -->
