<?xml version="1.0" encoding="UTF-8"?>
<!-- Generated by org.testng.reporters.JUnitReportReporter -->
<testsuite skipped="0" hostname="priyanka4414" name="com.nagarro.restapi.testcase.QuoteTest" tests="3" failures="0" timestamp="2020-06-16T15:35:49 IST" time="4.786" errors="0">
  <testcase name="AddQuote" time="1.931" classname="com.nagarro.restapi.testcase.QuoteTest"/>
  <system-out/>
  <testcase name="HideQuote" time="1.501" classname="com.nagarro.restapi.testcase.QuoteTest"/>
  <system-out/>
  <testcase name="FavQuote" time="1.354" classname="com.nagarro.restapi.testcase.QuoteTest"/>
  <system-out/>
</testsuite> <!-- com.nagarro.restapi.testcase.QuoteTest -->
